[debug] [2024-03-09T02:40:59.664Z] ----------------------------------------------------------------------
[debug] [2024-03-09T02:40:59.667Z] Command:       C:\Program Files\nodejs\node.exe C:\Users\dulanjana.w\AppData\Roaming\npm\node_modules\firebase-tools\lib\bin\firebase.js login
[debug] [2024-03-09T02:40:59.667Z] CLI Version:   13.4.0
[debug] [2024-03-09T02:40:59.668Z] Platform:      win32
[debug] [2024-03-09T02:40:59.668Z] Node Version:  v18.17.0
[debug] [2024-03-09T02:40:59.670Z] Time:          Sat Mar 09 2024 08:10:59 GMT+0530 (India Standard Time)
[debug] [2024-03-09T02:40:59.670Z] ----------------------------------------------------------------------
[debug] 
[info] i  Firebase optionally collects CLI and Emulator Suite usage and error reporting information to help improve our products. Data is collected in accordance with Google's privacy policy (https://policies.google.com/privacy) and is not used to identify you.
 
[info] i  To change your data collection preference at any time, run `firebase logout` and log in again. 
[info] 
[info] Visit this URL on this device to log in:
[info] https://accounts.google.com/o/oauth2/auth?client_id=563584335869-fgrhgmd47bqnekij5i8b5pr03ho849e6.apps.googleusercontent.com&scope=email%20openid%20https%3A%2F%2Fwww.googleapis.com%2Fauth%2Fcloudplatformprojects.readonly%20https%3A%2F%2Fwww.googleapis.com%2Fauth%2Ffirebase%20https%3A%2F%2Fwww.googleapis.com%2Fauth%2Fcloud-platform&response_type=code&state=1016707805&redirect_uri=http%3A%2F%2Flocalhost%3A9005
[info] 
[info] Waiting for authentication...
[debug] [2024-03-09T02:41:15.164Z] >>> [apiv2][query] POST https://accounts.google.com/o/oauth2/token [none]
[debug] [2024-03-09T02:41:15.165Z] >>> [apiv2][body] POST https://accounts.google.com/o/oauth2/token [omitted]
[debug] [2024-03-09T02:41:15.661Z] *** [apiv2] error from fetch(https://accounts.google.com/o/oauth2/token, {"headers":{},"method":"POST","body":{"_overheadLength":543,"_valueLength":208,"_valuesToMeasure":[],"writable":false,"readable":true,"dataSize":0,"maxDataSize":2097152,"pauseStreams":true,"_released":true,"_streams":[],"_currentStream":null,"_insideLoop":false,"_pendingNext":false,"_boundary":"--------------------------581613775797235929367606","_events":{},"_eventsCount":1}}): FetchError: request to https://accounts.google.com/o/oauth2/token failed, reason: self-signed certificate in certificate chain
[debug] [2024-03-09T02:41:15.661Z] Token Fetch Error: FirebaseError: Failed to make request to https://accounts.google.com/o/oauth2/token
    at RetryOperation._fn (C:\Users\dulanjana.w\AppData\Roaming\npm\node_modules\firebase-tools\lib\apiv2.js:246:31)
    at process.processTicksAndRejections (node:internal/process/task_queues:95:5)
[debug] [2024-03-09T02:41:15.671Z] >>> [apiv2][query] POST https://auth.firebase.tools/attest [none]
[debug] [2024-03-09T02:41:15.672Z] >>> [apiv2][body] POST https://auth.firebase.tools/attest {"session_id":"66ea7ac6-edce-43f8-a8c0-78e0c6cc2d7c"}
[debug] [2024-03-09T02:41:16.481Z] <<< [apiv2][status] POST https://auth.firebase.tools/attest 200
[debug] [2024-03-09T02:41:16.482Z] <<< [apiv2][body] POST https://auth.firebase.tools/attest {"token":"Nh48aG2miIpPrcMenYEUhH3mCiEqrQO6QNrrTiBdEl8"}
[info] 
[info] To sign in to the Firebase CLI:
[info] 
[info] 1. Take note of your session ID:
[info] 
[info]    66EA7
[info] 
[info] 2. Visit the URL below on any device and follow the instructions to get your code:
[info] 
[info]    https://auth.firebase.tools/login?code_challenge=qs--4xUycWkizZ3XRhKYijPFWdFv2HICkb3V5qzeWOE&session=66ea7ac6-edce-43f8-a8c0-78e0c6cc2d7c&attest=Nh48aG2miIpPrcMenYEUhH3mCiEqrQO6QNrrTiBdEl8
[info] 
[info] 3. Paste or enter the authorization code below once you have it:
[info] 
[debug] [2024-03-11T13:33:45.267Z] ----------------------------------------------------------------------
[debug] [2024-03-11T13:33:45.268Z] Command:       C:\Program Files\nodejs\node.exe C:\Users\dulanjana.w\AppData\Roaming\npm\node_modules\firebase-tools\lib\bin\firebase.js login
[debug] [2024-03-11T13:33:45.269Z] CLI Version:   13.4.0
[debug] [2024-03-11T13:33:45.269Z] Platform:      win32
[debug] [2024-03-11T13:33:45.269Z] Node Version:  v18.17.0
[debug] [2024-03-11T13:33:45.270Z] Time:          Mon Mar 11 2024 19:03:45 GMT+0530 (India Standard Time)
[debug] [2024-03-11T13:33:45.270Z] ----------------------------------------------------------------------
[debug] 
[debug] [2024-03-11T13:33:45.273Z] >>> [apiv2][query] GET https://firebase-public.firebaseio.com/cli.json [none]
[info] i  Firebase optionally collects CLI and Emulator Suite usage and error reporting information to help improve our products. Data is collected in accordance with Google's privacy policy (https://policies.google.com/privacy) and is not used to identify you.
 
[debug] [2024-03-11T13:33:46.180Z] <<< [apiv2][status] GET https://firebase-public.firebaseio.com/cli.json 200
[debug] [2024-03-11T13:33:46.181Z] <<< [apiv2][body] GET https://firebase-public.firebaseio.com/cli.json {"cloudBuildErrorAfter":1594252800000,"cloudBuildWarnAfter":1590019200000,"defaultNode10After":1594252800000,"minVersion":"3.0.5","node8DeploysDisabledAfter":1613390400000,"node8RuntimeDisabledAfter":1615809600000,"node8WarnAfter":1600128000000}
[info] i  To change your data collection preference at any time, run `firebase logout` and log in again. 
[info] 
[info] Visit this URL on this device to log in:
[info] https://accounts.google.com/o/oauth2/auth?client_id=563584335869-fgrhgmd47bqnekij5i8b5pr03ho849e6.apps.googleusercontent.com&scope=email%20openid%20https%3A%2F%2Fwww.googleapis.com%2Fauth%2Fcloudplatformprojects.readonly%20https%3A%2F%2Fwww.googleapis.com%2Fauth%2Ffirebase%20https%3A%2F%2Fwww.googleapis.com%2Fauth%2Fcloud-platform&response_type=code&state=460648841&redirect_uri=http%3A%2F%2Flocalhost%3A9005
[info] 
[info] Waiting for authentication...
[debug] [2024-03-11T13:34:01.976Z] >>> [apiv2][query] POST https://accounts.google.com/o/oauth2/token [none]
[debug] [2024-03-11T13:34:01.976Z] >>> [apiv2][body] POST https://accounts.google.com/o/oauth2/token [omitted]
[debug] [2024-03-11T13:34:02.216Z] *** [apiv2] error from fetch(https://accounts.google.com/o/oauth2/token, {"headers":{},"method":"POST","body":{"_overheadLength":543,"_valueLength":208,"_valuesToMeasure":[],"writable":false,"readable":true,"dataSize":0,"maxDataSize":2097152,"pauseStreams":true,"_released":true,"_streams":[],"_currentStream":null,"_insideLoop":false,"_pendingNext":false,"_boundary":"--------------------------291599536675070424965602","_events":{},"_eventsCount":1}}): FetchError: request to https://accounts.google.com/o/oauth2/token failed, reason: self-signed certificate in certificate chain
[debug] [2024-03-11T13:34:02.217Z] Token Fetch Error: FirebaseError: Failed to make request to https://accounts.google.com/o/oauth2/token
    at RetryOperation._fn (C:\Users\dulanjana.w\AppData\Roaming\npm\node_modules\firebase-tools\lib\apiv2.js:246:31)
    at process.processTicksAndRejections (node:internal/process/task_queues:95:5)
[debug] [2024-03-11T13:34:02.225Z] >>> [apiv2][query] POST https://auth.firebase.tools/attest [none]
[debug] [2024-03-11T13:34:02.226Z] >>> [apiv2][body] POST https://auth.firebase.tools/attest {"session_id":"2fb3e490-e273-476c-ba48-715fb2e06ebf"}
[debug] [2024-03-11T13:34:03.745Z] <<< [apiv2][status] POST https://auth.firebase.tools/attest 200
[debug] [2024-03-11T13:34:03.747Z] <<< [apiv2][body] POST https://auth.firebase.tools/attest {"token":"xSfubQs9xzojVNWzsZPDkTI8jLjefLmHmoWjrhcMYGs"}
[info] 
[info] To sign in to the Firebase CLI:
[info] 
[info] 1. Take note of your session ID:
[info] 
[info]    2FB3E
[info] 
[info] 2. Visit the URL below on any device and follow the instructions to get your code:
[info] 
[info]    https://auth.firebase.tools/login?code_challenge=p6HFRaGomeKOOFx9r9iClQuhbdfd2Qd5geYVvqNSuHg&session=2fb3e490-e273-476c-ba48-715fb2e06ebf&attest=xSfubQs9xzojVNWzsZPDkTI8jLjefLmHmoWjrhcMYGs
[info] 
[info] 3. Paste or enter the authorization code below once you have it:
[info] 
